<?xml version="1.0" encoding="UTF-8"?>
<!-- Generated by org.testng.reporters.JUnitReportReporter -->
<testsuite hostname="DESKTOP-FT1K8MN" failures="0" tests="3" name="Tests.TestCasesDay2" time="29.189" errors="0" timestamp="24 Sep 2021 12:24:35 GMT">
  <testcase classname="Tests.TestCasesDay2" name="TC04" time="12.399"/>
  <testcase classname="Tests.TestCasesDay2" name="TC05" time="10.275"/>
  <testcase classname="Tests.TestCasesDay2" name="TC06" time="6.515"/>
</testsuite> <!-- Tests.TestCasesDay2 -->
