<?xml version="1.0" encoding="UTF-8"?>
<!-- Generated by org.testng.reporters.JUnitReportReporter -->
<testsuite hostname="DESKTOP-FT1K8MN" failures="0" tests="4" name="Tests.TestCasesDay3" time="33.140" errors="0" timestamp="24 Sep 2021 12:24:35 GMT">
  <testcase classname="Tests.TestCasesDay3" name="TC09" time="7.639"/>
  <testcase classname="Tests.TestCasesDay3" name="TC10" time="10.162"/>
  <testcase classname="Tests.TestCasesDay3" name="TC08" time="5.881"/>
  <testcase classname="Tests.TestCasesDay3" name="TC07" time="9.458"/>
</testsuite> <!-- Tests.TestCasesDay3 -->
