<?xml version="1.0" encoding="UTF-8"?>
<!-- Generated by org.testng.reporters.JUnitReportReporter -->
<testsuite hostname="DESKTOP-FT1K8MN" failures="0" tests="3" name="Tests.TestCasesDay1" time="37.095" errors="0" timestamp="24 Sep 2021 12:24:35 GMT">
  <testcase classname="Tests.TestCasesDay1" name="TC03" time="10.579"/>
  <testcase classname="Tests.TestCasesDay1" name="TC01" time="12.661"/>
  <testcase classname="Tests.TestCasesDay1" name="TC02" time="13.855"/>
</testsuite> <!-- Tests.TestCasesDay1 -->
